{"total": {"lines":{"total":2406,"covered":1570,"skipped":0,"pct":65.25},"statements":{"total":2652,"covered":1657,"skipped":0,"pct":62.48},"functions":{"total":484,"covered":331,"skipped":0,"pct":68.38},"branches":{"total":1846,"covered":1100,"skipped":0,"pct":59.58},"branchesTrue":{"total":0,"covered":0,"skipped":0,"pct":100}}
,"/home/semicolon/Desktop/TechBroAfrica Drip/main/frontend/browser-support.mjs": {"lines":{"total":3,"covered":3,"skipped":0,"pct":100},"functions":{"total":0,"covered":0,"skipped":0,"pct":100},"statements":{"total":3,"covered":3,"skipped":0,"pct":100},"branches":{"total":0,"covered":0,"skipped":0,"pct":100}}
,"/home/semicolon/Desktop/TechBroAfrica Drip/main/frontend/src/App.css": {"lines":{"total":0,"covered":0,"skipped":0,"pct":100},"functions":{"total":0,"covered":0,"skipped":0,"pct":100},"statements":{"total":0,"covered":0,"skipped":0,"pct":100},"branches":{"total":0,"covered":0,"skipped":0,"pct":100}}
,"/home/semicolon/Desktop/TechBroAfrica Drip/main/frontend/src/App.tsx": {"lines":{"total":50,"covered":40,"skipped":0,"pct":80},"functions":{"total":20,"covered":17,"skipped":0,"pct":85},"statements":{"total":59,"covered":46,"skipped":0,"pct":77.96},"branches":{"total":69,"covered":53,"skipped":0,"pct":76.81}}
,"/home/semicolon/Desktop/TechBroAfrica Drip/main/frontend/src/batchExport.ts": {"lines":{"total":20,"covered":19,"skipped":0,"pct":95},"functions":{"total":8,"covered":8,"skipped":0,"pct":100},"statements":{"total":24,"covered":23,"skipped":0,"pct":95.83},"branches":{"total":43,"covered":37,"skipped":0,"pct":86.04}}
,"/home/semicolon/Desktop/TechBroAfrica Drip/main/frontend/src/batchVerifier.ts": {"lines":{"total":211,"covered":133,"skipped":0,"pct":63.03},"functions":{"total":25,"covered":17,"skipped":0,"pct":68},"statements":{"total":218,"covered":138,"skipped":0,"pct":63.3},"branches":{"total":110,"covered":64,"skipped":0,"pct":58.18}}
,"/home/semicolon/Desktop/TechBroAfrica Drip/main/frontend/src/checkpointStorage.ts": {"lines":{"total":43,"covered":39,"skipped":0,"pct":90.69},"functions":{"total":8,"covered":8,"skipped":0,"pct":100},"statements":{"total":46,"covered":41,"skipped":0,"pct":89.13},"branches":{"total":7,"covered":5,"skipped":0,"pct":71.42}}
,"/home/semicolon/Desktop/TechBroAfrica Drip/main/frontend/src/credentialVault.ts": {"lines":{"total":66,"covered":66,"skipped":0,"pct":100},"functions":{"total":15,"covered":15,"skipped":0,"pct":100},"statements":{"total":69,"covered":68,"skipped":0,"pct":98.55},"branches":{"total":15,"covered":13,"skipped":0,"pct":86.66}}
,"/home/semicolon/Desktop/TechBroAfrica Drip/main/frontend/src/csp.ts": {"lines":{"total":33,"covered":33,"skipped":0,"pct":100},"functions":{"total":6,"covered":5,"skipped":0,"pct":83.33},"statements":{"total":34,"covered":33,"skipped":0,"pct":97.05},"branches":{"total":22,"covered":21,"skipped":0,"pct":95.45}}
,"/home/semicolon/Desktop/TechBroAfrica Drip/main/frontend/src/domainSeparator.ts": {"lines":{"total":5,"covered":5,"skipped":0,"pct":100},"functions":{"total":3,"covered":3,"skipped":0,"pct":100},"statements":{"total":5,"covered":5,"skipped":0,"pct":100},"branches":{"total":0,"covered":0,"skipped":0,"pct":100}}
,"/home/semicolon/Desktop/TechBroAfrica Drip/main/frontend/src/evidenceStateMachine.ts": {"lines":{"total":46,"covered":28,"skipped":0,"pct":60.86},"functions":{"total":10,"covered":7,"skipped":0,"pct":70},"statements":{"total":48,"covered":29,"skipped":0,"pct":60.41},"branches":{"total":35,"covered":22,"skipped":0,"pct":62.85}}
,"/home/semicolon/Desktop/TechBroAfrica Drip/main/frontend/src/harpocratesRegistry.ts": {"lines":{"total":186,"covered":6,"skipped":0,"pct":3.22},"functions":{"total":20,"covered":0,"skipped":0,"pct":0},"statements":{"total":202,"covered":6,"skipped":0,"pct":2.97},"branches":{"total":158,"covered":4,"skipped":0,"pct":2.53}}
,"/home/semicolon/Desktop/TechBroAfrica Drip/main/frontend/src/lineageManifest.ts": {"lines":{"total":5,"covered":5,"skipped":0,"pct":100},"functions":{"total":2,"covered":2,"skipped":0,"pct":100},"statements":{"total":5,"covered":5,"skipped":0,"pct":100},"branches":{"total":2,"covered":2,"skipped":0,"pct":100}}
,"/home/semicolon/Desktop/TechBroAfrica Drip/main/frontend/src/networkGuard.ts": {"lines":{"total":16,"covered":16,"skipped":0,"pct":100},"functions":{"total":4,"covered":4,"skipped":0,"pct":100},"statements":{"total":16,"covered":16,"skipped":0,"pct":100},"branches":{"total":10,"covered":10,"skipped":0,"pct":100}}
,"/home/semicolon/Desktop/TechBroAfrica Drip/main/frontend/src/noirClient.ts": {"lines":{"total":28,"covered":8,"skipped":0,"pct":28.57},"functions":{"total":6,"covered":4,"skipped":0,"pct":66.66},"statements":{"total":29,"covered":8,"skipped":0,"pct":27.58},"branches":{"total":4,"covered":2,"skipped":0,"pct":50}}
,"/home/semicolon/Desktop/TechBroAfrica Drip/main/frontend/src/offlineVerification.ts": {"lines":{"total":83,"covered":82,"skipped":0,"pct":98.79},"functions":{"total":14,"covered":14,"skipped":0,"pct":100},"statements":{"total":98,"covered":96,"skipped":0,"pct":97.95},"branches":{"total":87,"covered":82,"skipped":0,"pct":94.25}}
,"/home/semicolon/Desktop/TechBroAfrica Drip/main/frontend/src/proofManifest.ts": {"lines":{"total":9,"covered":8,"skipped":0,"pct":88.88},"functions":{"total":3,"covered":3,"skipped":0,"pct":100},"statements":{"total":9,"covered":8,"skipped":0,"pct":88.88},"branches":{"total":8,"covered":7,"skipped":0,"pct":87.5}}
,"/home/semicolon/Desktop/TechBroAfrica Drip/main/frontend/src/releaseCompatibility.ts": {"lines":{"total":6,"covered":2,"skipped":0,"pct":33.33},"functions":{"total":1,"covered":0,"skipped":0,"pct":0},"statements":{"total":6,"covered":2,"skipped":0,"pct":33.33},"branches":{"total":8,"covered":0,"skipped":0,"pct":0}}
,"/home/semicolon/Desktop/TechBroAfrica Drip/main/frontend/src/safeStorage.ts": {"lines":{"total":27,"covered":24,"skipped":0,"pct":88.88},"functions":{"total":10,"covered":8,"skipped":0,"pct":80},"statements":{"total":29,"covered":24,"skipped":0,"pct":82.75},"branches":{"total":14,"covered":10,"skipped":0,"pct":71.42}}
,"/home/semicolon/Desktop/TechBroAfrica Drip/main/frontend/src/seedVault.ts": {"lines":{"total":25,"covered":12,"skipped":0,"pct":48},"functions":{"total":10,"covered":8,"skipped":0,"pct":80},"statements":{"total":25,"covered":12,"skipped":0,"pct":48},"branches":{"total":19,"covered":4,"skipped":0,"pct":21.05}}
,"/home/semicolon/Desktop/TechBroAfrica Drip/main/frontend/src/stego.ts": {"lines":{"total":132,"covered":7,"skipped":0,"pct":5.3},"functions":{"total":24,"covered":1,"skipped":0,"pct":4.16},"statements":{"total":162,"covered":7,"skipped":0,"pct":4.32},"branches":{"total":47,"covered":0,"skipped":0,"pct":0}}
,"/home/semicolon/Desktop/TechBroAfrica Drip/main/frontend/src/stellar.ts": {"lines":{"total":8,"covered":0,"skipped":0,"pct":0},"functions":{"total":2,"covered":0,"skipped":0,"pct":0},"statements":{"total":8,"covered":0,"skipped":0,"pct":0},"branches":{"total":6,"covered":0,"skipped":0,"pct":0}}
,"/home/semicolon/Desktop/TechBroAfrica Drip/main/frontend/src/stellarEncoding.ts": {"lines":{"total":14,"covered":0,"skipped":0,"pct":0},"functions":{"total":8,"covered":0,"skipped":0,"pct":0},"statements":{"total":16,"covered":0,"skipped":0,"pct":0},"branches":{"total":8,"covered":0,"skipped":0,"pct":0}}
,"/home/semicolon/Desktop/TechBroAfrica Drip/main/frontend/src/stellarTypes.ts": {"lines":{"total":7,"covered":7,"skipped":0,"pct":100},"functions":{"total":1,"covered":1,"skipped":0,"pct":100},"statements":{"total":7,"covered":7,"skipped":0,"pct":100},"branches":{"total":6,"covered":6,"skipped":0,"pct":100}}
,"/home/semicolon/Desktop/TechBroAfrica Drip/main/frontend/src/transactionStateMachine.ts": {"lines":{"total":55,"covered":36,"skipped":0,"pct":65.45},"functions":{"total":10,"covered":8,"skipped":0,"pct":80},"statements":{"total":56,"covered":36,"skipped":0,"pct":64.28},"branches":{"total":38,"covered":22,"skipped":0,"pct":57.89}}
,"/home/semicolon/Desktop/TechBroAfrica Drip/main/frontend/src/transactionVerifier.ts": {"lines":{"total":31,"covered":25,"skipped":0,"pct":80.64},"functions":{"total":8,"covered":5,"skipped":0,"pct":62.5},"statements":{"total":35,"covered":27,"skipped":0,"pct":77.14},"branches":{"total":24,"covered":16,"skipped":0,"pct":66.66}}
,"/home/semicolon/Desktop/TechBroAfrica Drip/main/frontend/src/utils.ts": {"lines":{"total":10,"covered":10,"skipped":0,"pct":100},"functions":{"total":5,"covered":5,"skipped":0,"pct":100},"statements":{"total":11,"covered":11,"skipped":0,"pct":100},"branches":{"total":6,"covered":5,"skipped":0,"pct":83.33}}
,"/home/semicolon/Desktop/TechBroAfrica Drip/main/frontend/src/verificationFlow.ts": {"lines":{"total":32,"covered":29,"skipped":0,"pct":90.62},"functions":{"total":5,"covered":5,"skipped":0,"pct":100},"statements":{"total":33,"covered":29,"skipped":0,"pct":87.87},"branches":{"total":24,"covered":19,"skipped":0,"pct":79.16}}
,"/home/semicolon/Desktop/TechBroAfrica Drip/main/frontend/src/verificationReceipt.ts": {"lines":{"total":76,"covered":73,"skipped":0,"pct":96.05},"functions":{"total":18,"covered":18,"skipped":0,"pct":100},"statements":{"total":95,"covered":79,"skipped":0,"pct":83.15},"branches":{"total":91,"covered":67,"skipped":0,"pct":73.62}}
,"/home/semicolon/Desktop/TechBroAfrica Drip/main/frontend/src/verificationShareLink.ts": {"lines":{"total":138,"covered":118,"skipped":0,"pct":85.5},"functions":{"total":19,"covered":18,"skipped":0,"pct":94.73},"statements":{"total":157,"covered":125,"skipped":0,"pct":79.61},"branches":{"total":143,"covered":106,"skipped":0,"pct":74.12}}
,"/home/semicolon/Desktop/TechBroAfrica Drip/main/frontend/src/verifierInputs.ts": {"lines":{"total":116,"covered":95,"skipped":0,"pct":81.89},"functions":{"total":21,"covered":18,"skipped":0,"pct":85.71},"statements":{"total":123,"covered":99,"skipped":0,"pct":80.48},"branches":{"total":54,"covered":41,"skipped":0,"pct":75.92}}
,"/home/semicolon/Desktop/TechBroAfrica Drip/main/frontend/src/components/BatchVerificationWorkspace.tsx": {"lines":{"total":137,"covered":63,"skipped":0,"pct":45.98},"functions":{"total":57,"covered":23,"skipped":0,"pct":40.35},"statements":{"total":159,"covered":67,"skipped":0,"pct":42.13},"branches":{"total":158,"covered":78,"skipped":0,"pct":49.36}}
,"/home/semicolon/Desktop/TechBroAfrica Drip/main/frontend/src/components/ChainProofPanel.tsx": {"lines":{"total":3,"covered":2,"skipped":0,"pct":66.66},"functions":{"total":1,"covered":1,"skipped":0,"pct":100},"statements":{"total":3,"covered":2,"skipped":0,"pct":66.66},"branches":{"total":4,"covered":1,"skipped":0,"pct":25}}
,"/home/semicolon/Desktop/TechBroAfrica Drip/main/frontend/src/components/ErrorBoundary.css": {"lines":{"total":0,"covered":0,"skipped":0,"pct":100},"functions":{"total":0,"covered":0,"skipped":0,"pct":100},"statements":{"total":0,"covered":0,"skipped":0,"pct":100},"branches":{"total":0,"covered":0,"skipped":0,"pct":100}}
,"/home/semicolon/Desktop/TechBroAfrica Drip/main/frontend/src/components/ErrorBoundary.tsx": {"lines":{"total":12,"covered":9,"skipped":0,"pct":75},"functions":{"total":6,"covered":5,"skipped":0,"pct":83.33},"statements":{"total":12,"covered":9,"skipped":0,"pct":75},"branches":{"total":2,"covered":2,"skipped":0,"pct":100}}
,"/home/semicolon/Desktop/TechBroAfrica Drip/main/frontend/src/components/EventList.tsx": {"lines":{"total":2,"covered":1,"skipped":0,"pct":50},"functions":{"total":2,"covered":1,"skipped":0,"pct":50},"statements":{"total":2,"covered":1,"skipped":0,"pct":50},"branches":{"total":10,"covered":1,"skipped":0,"pct":10}}
,"/home/semicolon/Desktop/TechBroAfrica Drip/main/frontend/src/components/ShareVerificationLink.tsx": {"lines":{"total":14,"covered":5,"skipped":0,"pct":35.71},"functions":{"total":4,"covered":2,"skipped":0,"pct":50},"statements":{"total":15,"covered":6,"skipped":0,"pct":40},"branches":{"total":18,"covered":5,"skipped":0,"pct":27.77}}
,"/home/semicolon/Desktop/TechBroAfrica Drip/main/frontend/src/hooks/useA11y.ts": {"lines":{"total":21,"covered":21,"skipped":0,"pct":100},"functions":{"total":8,"covered":8,"skipped":0,"pct":100},"statements":{"total":21,"covered":21,"skipped":0,"pct":100},"branches":{"total":10,"covered":10,"skipped":0,"pct":100}}
,"/home/semicolon/Desktop/TechBroAfrica Drip/main/frontend/src/hooks/useEvidence.ts": {"lines":{"total":77,"covered":15,"skipped":0,"pct":19.48},"functions":{"total":6,"covered":3,"skipped":0,"pct":50},"statements":{"total":81,"covered":16,"skipped":0,"pct":19.75},"branches":{"total":30,"covered":3,"skipped":0,"pct":10}}
,"/home/semicolon/Desktop/TechBroAfrica Drip/main/frontend/src/hooks/useVerification.ts": {"lines":{"total":225,"covered":181,"skipped":0,"pct":80.44},"functions":{"total":14,"covered":14,"skipped":0,"pct":100},"statements":{"total":254,"covered":188,"skipped":0,"pct":74.01},"branches":{"total":127,"covered":77,"skipped":0,"pct":60.62}}
,"/home/semicolon/Desktop/TechBroAfrica Drip/main/frontend/src/hooks/useWallet.ts": {"lines":{"total":66,"covered":61,"skipped":0,"pct":92.42},"functions":{"total":8,"covered":8,"skipped":0,"pct":100},"statements":{"total":71,"covered":63,"skipped":0,"pct":88.73},"branches":{"total":22,"covered":16,"skipped":0,"pct":72.72}}
,"/home/semicolon/Desktop/TechBroAfrica Drip/main/frontend/src/provenance/ProvenanceCard.tsx": {"lines":{"total":39,"covered":0,"skipped":0,"pct":0},"functions":{"total":11,"covered":0,"skipped":0,"pct":0},"statements":{"total":50,"covered":0,"skipped":0,"pct":0},"branches":{"total":34,"covered":0,"skipped":0,"pct":0}}
,"/home/semicolon/Desktop/TechBroAfrica Drip/main/frontend/src/provenance/explorerLinks.ts": {"lines":{"total":6,"covered":5,"skipped":0,"pct":83.33},"functions":{"total":4,"covered":3,"skipped":0,"pct":75},"statements":{"total":7,"covered":5,"skipped":0,"pct":71.42},"branches":{"total":2,"covered":1,"skipped":0,"pct":50}}
,"/home/semicolon/Desktop/TechBroAfrica Drip/main/frontend/src/provenance/provenanceModel.ts": {"lines":{"total":26,"covered":25,"skipped":0,"pct":96.15},"functions":{"total":3,"covered":3,"skipped":0,"pct":100},"statements":{"total":27,"covered":26,"skipped":0,"pct":96.29},"branches":{"total":26,"covered":22,"skipped":0,"pct":84.61}}
,"/home/semicolon/Desktop/TechBroAfrica Drip/main/frontend/src/services/apiError.ts": {"lines":{"total":71,"covered":68,"skipped":0,"pct":95.77},"functions":{"total":11,"covered":11,"skipped":0,"pct":100},"statements":{"total":81,"covered":76,"skipped":0,"pct":93.82},"branches":{"total":87,"covered":74,"skipped":0,"pct":85.05}}
,"/home/semicolon/Desktop/TechBroAfrica Drip/main/frontend/src/services/evidenceService.ts": {"lines":{"total":31,"covered":24,"skipped":0,"pct":77.41},"functions":{"total":5,"covered":3,"skipped":0,"pct":60},"statements":{"total":32,"covered":25,"skipped":0,"pct":78.12},"branches":{"total":22,"covered":21,"skipped":0,"pct":95.45}}
,"/home/semicolon/Desktop/TechBroAfrica Drip/main/frontend/src/services/verificationService.ts": {"lines":{"total":18,"covered":16,"skipped":0,"pct":88.88},"functions":{"total":3,"covered":3,"skipped":0,"pct":100},"statements":{"total":19,"covered":17,"skipped":0,"pct":89.47},"branches":{"total":12,"covered":11,"skipped":0,"pct":91.66}}
,"/home/semicolon/Desktop/TechBroAfrica Drip/main/frontend/src/types/schema.ts": {"lines":{"total":2,"covered":2,"skipped":0,"pct":100},"functions":{"total":0,"covered":0,"skipped":0,"pct":100},"statements":{"total":2,"covered":2,"skipped":0,"pct":100},"branches":{"total":0,"covered":0,"skipped":0,"pct":100}}
,"/home/semicolon/Desktop/TechBroAfrica Drip/main/frontend/src/views/LandingView.tsx": {"lines":{"total":1,"covered":1,"skipped":0,"pct":100},"functions":{"total":1,"covered":1,"skipped":0,"pct":100},"statements":{"total":1,"covered":1,"skipped":0,"pct":100},"branches":{"total":0,"covered":0,"skipped":0,"pct":100}}
,"/home/semicolon/Desktop/TechBroAfrica Drip/main/frontend/src/views/StudioView.tsx": {"lines":{"total":17,"covered":10,"skipped":0,"pct":58.82},"functions":{"total":10,"covered":4,"skipped":0,"pct":40},"statements":{"total":18,"covered":11,"skipped":0,"pct":61.11},"branches":{"total":59,"covered":36,"skipped":0,"pct":61.01}}
,"/home/semicolon/Desktop/TechBroAfrica Drip/main/frontend/src/views/VerifyView.tsx": {"lines":{"total":32,"covered":24,"skipped":0,"pct":75},"functions":{"total":9,"covered":5,"skipped":0,"pct":55.55},"statements":{"total":35,"covered":25,"skipped":0,"pct":71.42},"branches":{"total":105,"covered":76,"skipped":0,"pct":72.38}}
,"/home/semicolon/Desktop/TechBroAfrica Drip/main/frontend/src/workers/multiBrowserWorkerSupport.ts": {"lines":{"total":26,"covered":26,"skipped":0,"pct":100},"functions":{"total":13,"covered":13,"skipped":0,"pct":100},"statements":{"total":28,"covered":28,"skipped":0,"pct":100},"branches":{"total":20,"covered":20,"skipped":0,"pct":100}}
,"/home/semicolon/Desktop/TechBroAfrica Drip/main/frontend/src/workers/proofWorker.ts": {"lines":{"total":24,"covered":21,"skipped":0,"pct":87.5},"functions":{"total":5,"covered":5,"skipped":0,"pct":100},"statements":{"total":24,"covered":21,"skipped":0,"pct":87.5},"branches":{"total":6,"covered":3,"skipped":0,"pct":50}}
,"/home/semicolon/Desktop/TechBroAfrica Drip/main/frontend/src/workers/proofWorkerClient.ts": {"lines":{"total":75,"covered":61,"skipped":0,"pct":81.33},"functions":{"total":17,"covered":13,"skipped":0,"pct":76.47},"statements":{"total":82,"covered":64,"skipped":0,"pct":78.04},"branches":{"total":34,"covered":25,"skipped":0,"pct":73.52}}
}
